c:\users\user\dropbox\interfaz2.0\software\visualstudio\interfaz\x64\debug\vc141.pdb
c:\users\user\dropbox\interfaz2.0\software\visualstudio\interfaz\x64\debug\vc141.idb
c:\users\user\dropbox\interfaz2.0\software\visualstudio\interfaz\x64\debug\stepper.obj
c:\users\user\dropbox\interfaz2.0\software\visualstudio\interfaz\x64\debug\servo.obj
c:\users\user\dropbox\interfaz2.0\software\visualstudio\interfaz\x64\debug\interfaz.obj
c:\users\user\dropbox\interfaz2.0\software\visualstudio\interfaz\x64\debug\i2cplugin.obj
c:\users\user\dropbox\interfaz2.0\software\visualstudio\interfaz\x64\debug\dc.obj
c:\users\user\dropbox\interfaz2.0\software\visualstudio\interfaz\x64\debug\arduino.obj
c:\users\alejandro\documents\visual studio 2019\interfaz\x64\debug\arduino.obj
c:\users\alejandro\documents\visual studio 2019\interfaz\x64\debug\dc.obj
c:\users\alejandro\documents\visual studio 2019\interfaz\x64\debug\i2cplugin.obj
c:\users\alejandro\documents\visual studio 2019\interfaz\x64\debug\interfaz.obj
c:\users\alejandro\documents\visual studio 2019\interfaz\x64\debug\servo.obj
c:\users\alejandro\documents\visual studio 2019\interfaz\x64\debug\stepper.obj
c:\users\alejandro\documents\visual studio 2019\interfaz\x64\debug\vc141.idb
c:\users\alejandro\documents\visual studio 2019\interfaz\x64\debug\vc141.pdb
c:\users\alejandro\documents\visual studio 2019\interfaz\x64\debug\interfaz.tlog\cl.command.1.tlog
c:\users\alejandro\documents\visual studio 2019\interfaz\x64\debug\interfaz.tlog\cl.read.1.tlog
c:\users\alejandro\documents\visual studio 2019\interfaz\x64\debug\interfaz.tlog\cl.write.1.tlog
c:\users\alejandro\documents\visual studio 2019\interfaz\x64\debug\interfaz.tlog\link.command.1.tlog
c:\users\alejandro\documents\visual studio 2019\interfaz\x64\debug\interfaz.tlog\link.read.1.tlog
c:\users\alejandro\documents\visual studio 2019\interfaz\x64\debug\interfaz.tlog\link.write.1.tlog
